<?xml version="1.0" encoding="UTF-8"?>
<!-- Generated by org.testng.reporters.JUnitReportReporter -->
<testsuite hostname="DESKTOP-J2R2MEM" failures="0" tests="1" name="lab6.ApiTests" time="4.994" errors="0" timestamp="2020-05-27T23:22:18 GMT+04:00" skipped="0">
  <testcase classname="lab6.ApiTests" name="all_list_users" time="4.994"/>
</testsuite> <!-- lab6.ApiTests -->
